[debug] [2024-12-20T16:06:16.919Z] ----------------------------------------------------------------------
[debug] [2024-12-20T16:06:16.922Z] Command:       C:\Program Files\nodejs\node.exe C:\Users\mahes\AppData\Roaming\npm\node_modules\firebase-tools\lib\bin\firebase.js init
[debug] [2024-12-20T16:06:16.922Z] CLI Version:   13.29.1
[debug] [2024-12-20T16:06:16.922Z] Platform:      win32
[debug] [2024-12-20T16:06:16.922Z] Node Version:  v22.12.0
[debug] [2024-12-20T16:06:16.923Z] Time:          Fri Dec 20 2024 21:36:16 GMT+0530 (India Standard Time)
[debug] [2024-12-20T16:06:16.923Z] ----------------------------------------------------------------------
[debug] 
[debug] [2024-12-20T16:06:16.930Z] > command requires scopes: ["email","openid","https://www.googleapis.com/auth/cloudplatformprojects.readonly","https://www.googleapis.com/auth/firebase","https://www.googleapis.com/auth/cloud-platform"]
[debug] [2024-12-20T16:06:16.931Z] > authorizing via signed-in user (tanuj1509@gmail.com)
[info] 
     ######## #### ########  ######## ########     ###     ######  ########
     ##        ##  ##     ## ##       ##     ##  ##   ##  ##       ##
     ######    ##  ########  ######   ########  #########  ######  ######
     ##        ##  ##    ##  ##       ##     ## ##     ##       ## ##
     ##       #### ##     ## ######## ########  ##     ##  ######  ########

You're about to initialize a Firebase project in this directory:

  D:\cross-chain-messaging-prototype

[info] 
=== Project Setup
[info] 
[info] First, let's associate this project directory with a Firebase project.
[info] You can create multiple project aliases by running firebase use --add, 
[info] but for now we'll just set up a default project.
[info] 
[info] i  If you want to create a project in a Google Cloud organization or folder, please use "firebase projects:create" instead, and return to this command when you've created the project. 
[debug] [2024-12-20T16:07:52.071Z] Checked if tokens are valid: true, expires at: 1734714053163
[debug] [2024-12-20T16:07:52.071Z] Checked if tokens are valid: true, expires at: 1734714053163
[debug] [2024-12-20T16:07:52.073Z] >>> [apiv2][query] POST https://cloudresourcemanager.googleapis.com/v1/projects [none]
[debug] [2024-12-20T16:07:52.073Z] >>> [apiv2][body] POST https://cloudresourcemanager.googleapis.com/v1/projects {"projectId":"my-messaging-project","name":"my-messaging-project"}
[debug] [2024-12-20T16:07:53.723Z] <<< [apiv2][status] POST https://cloudresourcemanager.googleapis.com/v1/projects 409
[debug] [2024-12-20T16:07:53.723Z] <<< [apiv2][body] POST https://cloudresourcemanager.googleapis.com/v1/projects {"error":{"code":409,"message":"Requested entity already exists","status":"ALREADY_EXISTS"}}
[debug] [2024-12-20T16:07:53.958Z] FirebaseError: Request to https://cloudresourcemanager.googleapis.com/v1/projects had HTTP Error: 409, Requested entity already exists
    at responseToError (C:\Users\mahes\AppData\Roaming\npm\node_modules\firebase-tools\lib\responseToError.js:52:12)
    at RetryOperation._fn (C:\Users\mahes\AppData\Roaming\npm\node_modules\firebase-tools\lib\apiv2.js:312:77)
    at process.processTicksAndRejections (node:internal/process/task_queues:105:5)
[error] 
[error] Error: Failed to create project because there is already a project with ID my-messaging-project. Please try again with a unique project ID.
[debug] [2024-12-20T16:08:03.314Z] ----------------------------------------------------------------------
[debug] [2024-12-20T16:08:03.316Z] Command:       C:\Program Files\nodejs\node.exe C:\Users\mahes\AppData\Roaming\npm\node_modules\firebase-tools\lib\bin\firebase.js init
[debug] [2024-12-20T16:08:03.317Z] CLI Version:   13.29.1
[debug] [2024-12-20T16:08:03.317Z] Platform:      win32
[debug] [2024-12-20T16:08:03.317Z] Node Version:  v22.12.0
[debug] [2024-12-20T16:08:03.317Z] Time:          Fri Dec 20 2024 21:38:03 GMT+0530 (India Standard Time)
[debug] [2024-12-20T16:08:03.317Z] ----------------------------------------------------------------------
[debug] 
[debug] [2024-12-20T16:08:03.325Z] > command requires scopes: ["email","openid","https://www.googleapis.com/auth/cloudplatformprojects.readonly","https://www.googleapis.com/auth/firebase","https://www.googleapis.com/auth/cloud-platform"]
[debug] [2024-12-20T16:08:03.326Z] > authorizing via signed-in user (tanuj1509@gmail.com)
[info] 
     ######## #### ########  ######## ########     ###     ######  ########
     ##        ##  ##     ## ##       ##     ##  ##   ##  ##       ##
     ######    ##  ########  ######   ########  #########  ######  ######
     ##        ##  ##    ##  ##       ##     ## ##     ##       ## ##
     ##       #### ##     ## ######## ########  ##     ##  ######  ########

You're about to initialize a Firebase project in this directory:

  D:\cross-chain-messaging-prototype

[info] 
=== Project Setup
[info] 
[info] First, let's associate this project directory with a Firebase project.
[info] You can create multiple project aliases by running firebase use --add, 
[info] but for now we'll just set up a default project.
[info] 
[info] i  If you want to create a project in a Google Cloud organization or folder, please use "firebase projects:create" instead, and return to this command when you've created the project. 
[debug] [2024-12-20T16:08:37.991Z] Checked if tokens are valid: true, expires at: 1734714053163
[debug] [2024-12-20T16:08:37.992Z] Checked if tokens are valid: true, expires at: 1734714053163
[debug] [2024-12-20T16:08:37.994Z] >>> [apiv2][query] POST https://cloudresourcemanager.googleapis.com/v1/projects [none]
[debug] [2024-12-20T16:08:37.994Z] >>> [apiv2][body] POST https://cloudresourcemanager.googleapis.com/v1/projects {"projectId":"cross-chain-messaging","name":"cross-chain-messaging"}
[debug] [2024-12-20T16:08:40.188Z] <<< [apiv2][status] POST https://cloudresourcemanager.googleapis.com/v1/projects 200
[debug] [2024-12-20T16:08:40.188Z] <<< [apiv2][body] POST https://cloudresourcemanager.googleapis.com/v1/projects {"name":"operations/cp.6235109544920757502"}
[debug] [2024-12-20T16:08:40.190Z] Checked if tokens are valid: true, expires at: 1734714053163
[debug] [2024-12-20T16:08:40.190Z] Checked if tokens are valid: true, expires at: 1734714053163
[debug] [2024-12-20T16:08:40.191Z] >>> [apiv2][query] GET https://cloudresourcemanager.googleapis.com/v1/operations/cp.6235109544920757502 [none]
[debug] [2024-12-20T16:08:41.865Z] <<< [apiv2][status] GET https://cloudresourcemanager.googleapis.com/v1/operations/cp.6235109544920757502 200
[debug] [2024-12-20T16:08:41.866Z] <<< [apiv2][body] GET https://cloudresourcemanager.googleapis.com/v1/operations/cp.6235109544920757502 {"name":"operations/cp.6235109544920757502"}
[debug] [2024-12-20T16:08:42.370Z] [Project Creation Poller] Retrying task index 0
[debug] [2024-12-20T16:08:42.371Z] Checked if tokens are valid: true, expires at: 1734714053163
[debug] [2024-12-20T16:08:42.371Z] Checked if tokens are valid: true, expires at: 1734714053163
[debug] [2024-12-20T16:08:42.371Z] >>> [apiv2][query] GET https://cloudresourcemanager.googleapis.com/v1/operations/cp.6235109544920757502 [none]
[debug] [2024-12-20T16:08:43.012Z] <<< [apiv2][status] GET https://cloudresourcemanager.googleapis.com/v1/operations/cp.6235109544920757502 200
[debug] [2024-12-20T16:08:43.013Z] <<< [apiv2][body] GET https://cloudresourcemanager.googleapis.com/v1/operations/cp.6235109544920757502 {"name":"operations/cp.6235109544920757502","metadata":{"@type":"type.googleapis.com/google.cloudresourcemanager.v1.ProjectCreationStatus","gettable":true}}
[debug] [2024-12-20T16:08:44.019Z] [Project Creation Poller] Retrying task index 0
[debug] [2024-12-20T16:08:44.020Z] Checked if tokens are valid: true, expires at: 1734714053163
[debug] [2024-12-20T16:08:44.020Z] Checked if tokens are valid: true, expires at: 1734714053163
[debug] [2024-12-20T16:08:44.020Z] >>> [apiv2][query] GET https://cloudresourcemanager.googleapis.com/v1/operations/cp.6235109544920757502 [none]
[debug] [2024-12-20T16:08:44.602Z] <<< [apiv2][status] GET https://cloudresourcemanager.googleapis.com/v1/operations/cp.6235109544920757502 200
[debug] [2024-12-20T16:08:44.602Z] <<< [apiv2][body] GET https://cloudresourcemanager.googleapis.com/v1/operations/cp.6235109544920757502 {"name":"operations/cp.6235109544920757502","metadata":{"@type":"type.googleapis.com/google.cloudresourcemanager.v1.ProjectCreationStatus","gettable":true,"ready":true},"done":true,"response":{"@type":"type.googleapis.com/google.cloudresourcemanager.v1.Project","projectNumber":"731690053222","projectId":"cross-chain-messaging","lifecycleState":"ACTIVE","name":"cross-chain-messaging","createTime":"2024-12-20T16:08:42.053988Z"}}
[debug] [2024-12-20T16:08:44.604Z] Checked if tokens are valid: true, expires at: 1734714053163
[debug] [2024-12-20T16:08:44.604Z] Checked if tokens are valid: true, expires at: 1734714053163
[debug] [2024-12-20T16:08:44.604Z] >>> [apiv2][query] POST https://firebase.googleapis.com/v1beta1/projects/cross-chain-messaging:addFirebase [none]
[debug] [2024-12-20T16:08:45.737Z] <<< [apiv2][status] POST https://firebase.googleapis.com/v1beta1/projects/cross-chain-messaging:addFirebase 403
[debug] [2024-12-20T16:08:45.737Z] <<< [apiv2][body] POST https://firebase.googleapis.com/v1beta1/projects/cross-chain-messaging:addFirebase {"error":{"code":403,"message":"The caller does not have permission","status":"PERMISSION_DENIED"}}
[debug] [2024-12-20T16:08:45.739Z] Request to https://firebase.googleapis.com/v1beta1/projects/cross-chain-messaging:addFirebase had HTTP Error: 403, The caller does not have permission
[debug] [2024-12-20T16:08:46.035Z] FirebaseError: Request to https://firebase.googleapis.com/v1beta1/projects/cross-chain-messaging:addFirebase had HTTP Error: 403, The caller does not have permission
    at responseToError (C:\Users\mahes\AppData\Roaming\npm\node_modules\firebase-tools\lib\responseToError.js:52:12)
    at RetryOperation._fn (C:\Users\mahes\AppData\Roaming\npm\node_modules\firebase-tools\lib\apiv2.js:312:77)
    at process.processTicksAndRejections (node:internal/process/task_queues:105:5)
[error] 
[error] Error: Failed to add Firebase to Google Cloud Platform project. See firebase-debug.log for more info.
[debug] [2024-12-20T16:11:36.156Z] ----------------------------------------------------------------------
[debug] [2024-12-20T16:11:36.158Z] Command:       C:\Program Files\nodejs\node.exe C:\Users\mahes\AppData\Roaming\npm\node_modules\firebase-tools\lib\bin\firebase.js init --debug
[debug] [2024-12-20T16:11:36.159Z] CLI Version:   13.29.1
[debug] [2024-12-20T16:11:36.159Z] Platform:      win32
[debug] [2024-12-20T16:11:36.159Z] Node Version:  v22.12.0
[debug] [2024-12-20T16:11:36.159Z] Time:          Fri Dec 20 2024 21:41:36 GMT+0530 (India Standard Time)
[debug] [2024-12-20T16:11:36.159Z] ----------------------------------------------------------------------
[debug] 
[debug] [2024-12-20T16:11:36.167Z] > command requires scopes: ["email","openid","https://www.googleapis.com/auth/cloudplatformprojects.readonly","https://www.googleapis.com/auth/firebase","https://www.googleapis.com/auth/cloud-platform"]
[debug] [2024-12-20T16:11:36.167Z] > authorizing via signed-in user (tanuj1509@gmail.com)
[info] 
     ######## #### ########  ######## ########     ###     ######  ########
     ##        ##  ##     ## ##       ##     ##  ##   ##  ##       ##
     ######    ##  ########  ######   ########  #########  ######  ######
     ##        ##  ##    ##  ##       ##     ## ##     ##       ## ##
     ##       #### ##     ## ######## ########  ##     ##  ######  ########

You're about to initialize a Firebase project in this directory:

  D:\cross-chain-messaging-prototype

[debug] [2024-12-20T16:12:09.360Z] ----------------------------------------------------------------------
[debug] [2024-12-20T16:12:09.362Z] Command:       C:\Program Files\nodejs\node.exe C:\Users\mahes\AppData\Roaming\npm\node_modules\firebase-tools\lib\bin\firebase.js init
[debug] [2024-12-20T16:12:09.363Z] CLI Version:   13.29.1
[debug] [2024-12-20T16:12:09.363Z] Platform:      win32
[debug] [2024-12-20T16:12:09.363Z] Node Version:  v22.12.0
[debug] [2024-12-20T16:12:09.363Z] Time:          Fri Dec 20 2024 21:42:09 GMT+0530 (India Standard Time)
[debug] [2024-12-20T16:12:09.363Z] ----------------------------------------------------------------------
[debug] 
[debug] [2024-12-20T16:12:09.370Z] > command requires scopes: ["email","openid","https://www.googleapis.com/auth/cloudplatformprojects.readonly","https://www.googleapis.com/auth/firebase","https://www.googleapis.com/auth/cloud-platform"]
[debug] [2024-12-20T16:12:09.371Z] > authorizing via signed-in user (tanuj1509@gmail.com)
[info] 
     ######## #### ########  ######## ########     ###     ######  ########
     ##        ##  ##     ## ##       ##     ##  ##   ##  ##       ##
     ######    ##  ########  ######   ########  #########  ######  ######
     ##        ##  ##    ##  ##       ##     ## ##     ##       ## ##
     ##       #### ##     ## ######## ########  ##     ##  ######  ########

You're about to initialize a Firebase project in this directory:

  D:\cross-chain-messaging-prototype

